kotlin version: 2.0.0
error message: java.lang.ExceptionInInitializerError
	at androidx.room.processor.DatabaseProcessor.doProcess(DatabaseProcessor.kt:81)
	at androidx.room.processor.DatabaseProcessor.process(DatabaseProcessor.kt:59)
	at androidx.room.DatabaseProcessingStep.process$lambda$2$lambda$1(DatabaseProcessingStep.kt:69)
	at androidx.room.processor.Context.collectLogs(Context.kt:178)
	at androidx.room.DatabaseProcessingStep.process(DatabaseProcessingStep.kt:68)
	at androidx.room.compiler.processing.CommonProcessorDelegate.processRound(XBasicAnnotationProcessor.kt:134)
	at androidx.room.compiler.processing.ksp.KspBasicAnnotationProcessor.process(KspBasicAnnotationProcessor.kt:62)
	at com.google.devtools.ksp.AbstractKotlinSymbolProcessingExtension$doAnalysis$8$1.invoke(KotlinSymbolProcessingExtension.kt:320)
	at com.google.devtools.ksp.AbstractKotlinSymbolProcessingExtension$doAnalysis$8$1.invoke(KotlinSymbolProcessingExtension.kt:318)
	at com.google.devtools.ksp.AbstractKotlinSymbolProcessingExtension.handleException(KotlinSymbolProcessingExtension.kt:430)
	at com.google.devtools.ksp.AbstractKotlinSymbolProcessingExtension.doAnalysis(KotlinSymbolProcessingExtension.kt:318)
	at org.jetbrains.kotlin.cli.jvm.compiler.TopDownAnalyzerFacadeForJVM.analyzeFilesWithJavaIntegration(TopDownAnalyzerFacadeForJVM.kt:112)
	at org.jetbrains.kotlin.cli.jvm.compiler.TopDownAnalyzerFacadeForJVM.analyzeFilesWithJavaIntegration$default(TopDownAnalyzerFacadeForJVM.kt:75)
	at org.jetbrains.kotlin.cli.jvm.compiler.KotlinToJVMBytecodeCompiler.analyze$lambda$12(KotlinToJVMBytecodeCompiler.kt:373)
	at org.jetbrains.kotlin.cli.common.messages.AnalyzerWithCompilerReport.analyzeAndReport(AnalyzerWithCompilerReport.kt:115)
	at org.jetbrains.kotlin.cli.jvm.compiler.KotlinToJVMBytecodeCompiler.analyze(KotlinToJVMBytecodeCompiler.kt:364)
	at org.jetbrains.kotlin.cli.jvm.compiler.KotlinToJVMBytecodeCompiler.runFrontendAndGenerateIrUsingClassicFrontend(KotlinToJVMBytecodeCompiler.kt:195)
	at org.jetbrains.kotlin.cli.jvm.compiler.KotlinToJVMBytecodeCompiler.compileModules$cli(KotlinToJVMBytecodeCompiler.kt:106)
	at org.jetbrains.kotlin.cli.jvm.K2JVMCompiler.doExecute(K2JVMCompiler.kt:176)
	at org.jetbrains.kotlin.cli.jvm.K2JVMCompiler.doExecute(K2JVMCompiler.kt:50)
	at org.jetbrains.kotlin.cli.common.CLICompiler.execImpl(CLICompiler.kt:104)
	at org.jetbrains.kotlin.cli.common.CLICompiler.execImpl(CLICompiler.kt:48)
	at org.jetbrains.kotlin.cli.common.CLITool.exec(CLITool.kt:101)
	at org.jetbrains.kotlin.daemon.CompileServiceImpl.compile(CompileServiceImpl.kt:1556)
	at java.base/jdk.internal.reflect.DirectMethodHandleAccessor.invoke(Unknown Source)
	at java.base/java.lang.reflect.Method.invoke(Unknown Source)
	at java.rmi/sun.rmi.server.UnicastServerRef.dispatch(Unknown Source)
	at java.rmi/sun.rmi.transport.Transport$1.run(Unknown Source)
	at java.rmi/sun.rmi.transport.Transport$1.run(Unknown Source)
	at java.base/java.security.AccessController.doPrivileged(Unknown Source)
	at java.rmi/sun.rmi.transport.Transport.serviceCall(Unknown Source)
	at java.rmi/sun.rmi.transport.tcp.TCPTransport.handleMessages(Unknown Source)
	at java.rmi/sun.rmi.transport.tcp.TCPTransport$ConnectionHandler.run0(Unknown Source)
	at java.rmi/sun.rmi.transport.tcp.TCPTransport$ConnectionHandler.lambda$run$0(Unknown Source)
	at java.base/java.security.AccessController.doPrivileged(Unknown Source)
	at java.rmi/sun.rmi.transport.tcp.TCPTransport$ConnectionHandler.run(Unknown Source)
	at java.base/java.util.concurrent.ThreadPoolExecutor.runWorker(Unknown Source)
	at java.base/java.util.concurrent.ThreadPoolExecutor$Worker.run(Unknown Source)
	at java.base/java.lang.Thread.run(Unknown Source)
Caused by: java.lang.Exception: No native library found for os.name=Windows, os.arch=x86_64, paths=[/org/sqlite/native/Windows/x86_64;D:\Moviles\Android studio\jbr\bin;C:\WINDOWS\Sun\Java\bin;C:\WINDOWS\system32;C:\WINDOWS;C:\Program Files\Java\bin;D:\bin;C:\Program Files\Common Files\Oracle\Java\javapath;C:\app\valer\product\21c\dbhomeXE\bin;C:\WINDOWS\system32;C:\WINDOWS;C:\WINDOWS\System32\Wbem;C:\WINDOWS\System32\WindowsPowerShell\v1.0\;C:\WINDOWS\System32\OpenSSH\;C:\Users\valer\AppData\Roaming\Composer\vendor\bin;C:\WINDOWS\system32;C:\WINDOWS;C:\WINDOWS\System32\Wbem;C:\WINDOWS\System32\WindowsPowerShell\v1.0\;C:\WINDOWS\System32\OpenSSH\;C:\Program Files (x86)\Microsoft SQL Server\160\Tools\Binn\;C:\Program Files\Microsoft SQL Server\160\Tools\Binn\;C:\Program Files\Microsoft SQL Server\Client SDK\ODBC\170\Tools\Binn\;C:\Program Files\Microsoft SQL Server\160\DTS\Binn\;C:\Program Files\nodejs\;C:\Program Files\Microsoft SQL Server\150\Tools\Binn\;C:\xampp\php;C:\ProgramData\ComposerSetup\bin;C:\Program Files\Wolfram Research\WolframScript\;C:\Program Files\dotnet\;C:\Program Files (x86)\Windows Kits\10\Windows Performance Toolkit\;C:\Program Files\Git\cmd;C:\Users\valer\AppData\Local\Android\Sdk\platform-tools;C:\Users\valer\AppData\Local\Android\Sdk\tools;C:\Users\valer\AppData\Local\Android\Sdk\tools\bin;C:\Program Files\Tailscale\;C:\Users\valer\anaconda3;C:\Users\valer\anaconda3\Library\mingw-w64\bin;C:\Users\valer\anaconda3\Library\usr\bin;C:\Users\valer\anaconda3\Library\bin;C:\Users\valer\anaconda3\Scripts;C:\Users\valer\AppData\Local\Programs\Python\Launcher\;C:\Users\valer\AppData\Local\Microsoft\WindowsApps;C:\Users\valer\AppData\Local\Android\Sdk\platform-tools;C:\gradle\gradle-7.4.1\bin;C:\Users\valer\AppData\Local\Android\Sdk\platforms;C:\Users\valer\AppData\Local\Android\Sdk\tools;C:\Program Files\Azure Data Studio\bin;C:\Users\valer\AppData\Local\Microsoft\WinGet\Packages\Schniz.fnm_Microsoft.Winget.Source_8wekyb3d8bbwe;C:\Users\valer\AppData\Roaming\npm;C:\Users\valer\AppData\Local\GitHubDesktop\bin;D:\apache-maven-3.9.8-bin\apache-maven-3.9.8\bin;C:\Users\valer\AppData\Local\Muse Hub\lib;C:\Users\valer\.dotnet\tools;C:\Users\valer\AppData\Local\Programs\Microsoft VS Code\bin;.]
	at org.sqlite.SQLiteJDBCLoader.loadSQLiteNativeLibrary(SQLiteJDBCLoader.java:363)
	at org.sqlite.SQLiteJDBCLoader.initialize(SQLiteJDBCLoader.java:72)
	at androidx.room.verifier.DatabaseVerifier.<clinit>(DatabaseVerifier.kt:78)
	... 39 more


